2020-04-21 20:05:58.335+0000 INFO [o.n.l.i.StoreLogService] Opened new internal log file
2020-04-21 20:05:58.335+0000 INFO [o.n.i.d.DiagnosticsManager] ********************************************************************************
2020-04-21 20:05:58.335+0000 INFO [o.n.i.d.DiagnosticsManager]                              [ System diagnostics ]                             
2020-04-21 20:05:58.335+0000 INFO [o.n.i.d.DiagnosticsManager] ********************************************************************************
2020-04-21 20:05:58.335+0000 INFO [o.n.i.d.DiagnosticsManager] --------------------------------------------------------------------------------
2020-04-21 20:05:58.335+0000 INFO [o.n.i.d.DiagnosticsManager]                          [ System memory information ]                          
2020-04-21 20:05:58.335+0000 INFO [o.n.i.d.DiagnosticsManager] --------------------------------------------------------------------------------
2020-04-21 20:05:58.335+0000 INFO [o.n.i.d.DiagnosticsManager] Total Physical memory: 16.00GiB
2020-04-21 20:05:58.335+0000 INFO [o.n.i.d.DiagnosticsManager] Free Physical memory: 6.381GiB
2020-04-21 20:05:58.335+0000 INFO [o.n.i.d.DiagnosticsManager] Committed virtual memory: 10.46GiB
2020-04-21 20:05:58.335+0000 INFO [o.n.i.d.DiagnosticsManager] Total swap space: 0B
2020-04-21 20:05:58.336+0000 INFO [o.n.i.d.DiagnosticsManager] Free swap space: 0B
2020-04-21 20:05:58.336+0000 INFO [o.n.i.d.DiagnosticsManager] 
2020-04-21 20:05:58.336+0000 INFO [o.n.i.d.DiagnosticsManager] --------------------------------------------------------------------------------
2020-04-21 20:05:58.336+0000 INFO [o.n.i.d.DiagnosticsManager]                            [ JVM memory information ]                           
2020-04-21 20:05:58.336+0000 INFO [o.n.i.d.DiagnosticsManager] --------------------------------------------------------------------------------
2020-04-21 20:05:58.336+0000 INFO [o.n.i.d.DiagnosticsManager] Free  memory: 143.2MiB
2020-04-21 20:05:58.336+0000 INFO [o.n.i.d.DiagnosticsManager] Total memory: 256.0MiB
2020-04-21 20:05:58.336+0000 INFO [o.n.i.d.DiagnosticsManager] Max   memory: 4.000GiB
2020-04-21 20:05:58.336+0000 INFO [o.n.i.d.DiagnosticsManager] Garbage Collector: G1 Young Generation: [G1 Eden Space, G1 Survivor Space, G1 Old Gen]
2020-04-21 20:05:58.336+0000 INFO [o.n.i.d.DiagnosticsManager] Garbage Collector: G1 Old Generation: [G1 Eden Space, G1 Survivor Space, G1 Old Gen]
2020-04-21 20:05:58.336+0000 INFO [o.n.i.d.DiagnosticsManager] Memory Pool: CodeHeap 'non-nmethods' (Non-heap memory): committed=2.438MiB, used=1.391MiB, max=5.566MiB, threshold=0B
2020-04-21 20:05:58.336+0000 INFO [o.n.i.d.DiagnosticsManager] Memory Pool: Metaspace (Non-heap memory): committed=109.2MiB, used=103.2MiB, max=-1B, threshold=0B
2020-04-21 20:05:58.336+0000 INFO [o.n.i.d.DiagnosticsManager] Memory Pool: CodeHeap 'profiled nmethods' (Non-heap memory): committed=34.81MiB, used=27.88MiB, max=117.2MiB, threshold=0B
2020-04-21 20:05:58.337+0000 INFO [o.n.i.d.DiagnosticsManager] Memory Pool: Compressed Class Space (Non-heap memory): committed=17.00MiB, used=14.20MiB, max=1024MiB, threshold=0B
2020-04-21 20:05:58.337+0000 INFO [o.n.i.d.DiagnosticsManager] Memory Pool: G1 Eden Space (Heap memory): committed=159.0MiB, used=50.00MiB, max=-1B, threshold=?
2020-04-21 20:05:58.337+0000 INFO [o.n.i.d.DiagnosticsManager] Memory Pool: G1 Old Gen (Heap memory): committed=95.00MiB, used=60.24MiB, max=4.000GiB, threshold=0B
2020-04-21 20:05:58.337+0000 INFO [o.n.i.d.DiagnosticsManager] Memory Pool: G1 Survivor Space (Heap memory): committed=2.000MiB, used=2.000MiB, max=-1B, threshold=?
2020-04-21 20:05:58.337+0000 INFO [o.n.i.d.DiagnosticsManager] Memory Pool: CodeHeap 'non-profiled nmethods' (Non-heap memory): committed=16.38MiB, used=15.65MiB, max=117.2MiB, threshold=0B
2020-04-21 20:05:58.337+0000 INFO [o.n.i.d.DiagnosticsManager] 
2020-04-21 20:05:58.337+0000 INFO [o.n.i.d.DiagnosticsManager] --------------------------------------------------------------------------------
2020-04-21 20:05:58.337+0000 INFO [o.n.i.d.DiagnosticsManager]                         [ Operating system information ]                        
2020-04-21 20:05:58.337+0000 INFO [o.n.i.d.DiagnosticsManager] --------------------------------------------------------------------------------
2020-04-21 20:05:58.337+0000 INFO [o.n.i.d.DiagnosticsManager] Operating System: Mac OS X; version: 10.15.4; arch: x86_64; cpus: 12
2020-04-21 20:05:58.337+0000 INFO [o.n.i.d.DiagnosticsManager] Max number of file descriptors: 10240
2020-04-21 20:05:58.337+0000 INFO [o.n.i.d.DiagnosticsManager] Number of open file descriptors: 313
2020-04-21 20:06:03.873+0000 INFO [o.n.i.d.DiagnosticsManager] Process id: 697@Roberts-MacBook-Pro.local
2020-04-21 20:06:03.873+0000 INFO [o.n.i.d.DiagnosticsManager] Byte order: LITTLE_ENDIAN
2020-04-21 20:06:03.874+0000 INFO [o.n.i.d.DiagnosticsManager] Local timezone: Africa/Johannesburg
2020-04-21 20:06:03.874+0000 INFO [o.n.i.d.DiagnosticsManager] 
2020-04-21 20:06:03.874+0000 INFO [o.n.i.d.DiagnosticsManager] --------------------------------------------------------------------------------
2020-04-21 20:06:03.874+0000 INFO [o.n.i.d.DiagnosticsManager]                               [ JVM information ]                               
2020-04-21 20:06:03.874+0000 INFO [o.n.i.d.DiagnosticsManager] --------------------------------------------------------------------------------
2020-04-21 20:06:03.874+0000 INFO [o.n.i.d.DiagnosticsManager] VM Name: Java HotSpot(TM) 64-Bit Server VM
2020-04-21 20:06:03.874+0000 INFO [o.n.i.d.DiagnosticsManager] VM Vendor: Oracle Corporation
2020-04-21 20:06:03.874+0000 INFO [o.n.i.d.DiagnosticsManager] VM Version: 11.0.7+8-LTS
2020-04-21 20:06:03.874+0000 INFO [o.n.i.d.DiagnosticsManager] JIT compiler: HotSpot 64-Bit Tiered Compilers
2020-04-21 20:06:03.874+0000 INFO [o.n.i.d.DiagnosticsManager] VM Arguments: [-XX:+UseG1GC, -XX:-OmitStackTraceInFastThrow, -XX:+AlwaysPreTouch, -XX:+UnlockExperimentalVMOptions, -XX:+TrustFinalNonStaticFields, -XX:+DisableExplicitGC, -Djdk.nio.maxCachedBufferSize=262144, -Dio.netty.tryReflectionSetAccessible=true, -Djdk.tls.ephemeralDHKeySize=2048, -Djdk.tls.rejectClientInitiatedRenegotiation=true, -Dfile.encoding=UTF-8]
2020-04-21 20:06:03.874+0000 INFO [o.n.i.d.DiagnosticsManager] 
2020-04-21 20:06:03.874+0000 INFO [o.n.i.d.DiagnosticsManager] --------------------------------------------------------------------------------
2020-04-21 20:06:03.874+0000 INFO [o.n.i.d.DiagnosticsManager]                                [ Java classpath ]                               
2020-04-21 20:06:03.874+0000 INFO [o.n.i.d.DiagnosticsManager] --------------------------------------------------------------------------------
2020-04-21 20:06:03.890+0000 INFO [o.n.i.d.DiagnosticsManager]  [classpath] /Users/robgouldie/Desktop/CS334/Deploy3/neo4j-community-4.0.3/lib/validation-api-2.0.1.Final.jar
2020-04-21 20:06:03.890+0000 INFO [o.n.i.d.DiagnosticsManager]  [classpath] /Users/robgouldie/Desktop/CS334/Deploy3/neo4j-community-4.0.3/lib/neo4j-front-end-4.0-4.0.3.jar
2020-04-21 20:06:03.890+0000 INFO [o.n.i.d.DiagnosticsManager]  [classpath] /Users/robgouldie/Desktop/CS334/Deploy3/neo4j-community-4.0.3/lib/neo4j-io-4.0.3.jar
2020-04-21 20:06:03.890+0000 INFO [o.n.i.d.DiagnosticsManager]  [classpath] /Users/robgouldie/Desktop/CS334/Deploy3/neo4j-community-4.0.3/lib/commons-text-1.7.jar
2020-04-21 20:06:03.890+0000 INFO [o.n.i.d.DiagnosticsManager]  [classpath] /Users/robgouldie/Desktop/CS334/Deploy3/neo4j-community-4.0.3/lib/neo4j-cypher-planner-4.0.3.jar
2020-04-21 20:06:03.890+0000 INFO [o.n.i.d.DiagnosticsManager]  [classpath] /Users/robgouldie/Desktop/CS334/Deploy3/neo4j-community-4.0.3/lib/jProcesses-1.6.5.jar
2020-04-21 20:06:03.890+0000 INFO [o.n.i.d.DiagnosticsManager]  [classpath] /Users/robgouldie/Desktop/CS334/Deploy3/neo4j-community-4.0.3/lib/neo4j-procedure-4.0.3.jar
2020-04-21 20:06:03.890+0000 INFO [o.n.i.d.DiagnosticsManager]  [classpath] /Users/robgouldie/Desktop/CS334/Deploy3/neo4j-community-4.0.3/lib/annotations-4.0.3.jar
2020-04-21 20:06:03.890+0000 INFO [o.n.i.d.DiagnosticsManager]  [classpath] /Users/robgouldie/Desktop/CS334/Deploy3/neo4j-community-4.0.3/lib/bcprov-jdk15on-1.64.jar
2020-04-21 20:06:03.890+0000 INFO [o.n.i.d.DiagnosticsManager]  [classpath] /Users/robgouldie/Desktop/CS334/Deploy3/neo4j-community-4.0.3/lib/neo4j-ssl-4.0.3.jar
2020-04-21 20:06:03.890+0000 INFO [o.n.i.d.DiagnosticsManager]  [classpath] /Users/robgouldie/Desktop/CS334/Deploy3/neo4j-community-4.0.3/lib/neo4j-codegen-4.0.3.jar
2020-04-21 20:06:03.890+0000 INFO [o.n.i.d.DiagnosticsManager]  [classpath] /Users/robgouldie/Desktop/CS334/Deploy3/neo4j-community-4.0.3/lib/neo4j-storage-engine-api-4.0.3.jar
2020-04-21 20:06:03.890+0000 INFO [o.n.i.d.DiagnosticsManager]  [classpath] /Users/robgouldie/Desktop/CS334/Deploy3/neo4j-community-4.0.3/lib/neo4j-id-generator-4.0.3.jar
2020-04-21 20:06:03.890+0000 INFO [o.n.i.d.DiagnosticsManager]  [classpath] /Users/robgouldie/Desktop/CS334/Deploy3/neo4j-community-4.0.3/lib/neo4j-bolt-4.0.3.jar
2020-04-21 20:06:03.890+0000 INFO [o.n.i.d.DiagnosticsManager]  [classpath] /Users/robgouldie/Desktop/CS334/Deploy3/neo4j-community-4.0.3/lib/jetty-servlet-9.4.17.v20190418.jar
2020-04-21 20:06:03.890+0000 INFO [o.n.i.d.DiagnosticsManager]  [classpath] /Users/robgouldie/Desktop/CS334/Deploy3/neo4j-community-4.0.3/lib/jackson-module-jaxb-annotations-2.10.0.jar
2020-04-21 20:06:03.890+0000 INFO [o.n.i.d.DiagnosticsManager]  [classpath] /Users/robgouldie/Desktop/CS334/Deploy3/neo4j-community-4.0.3/lib/activation-1.1.1.jar
2020-04-21 20:06:03.890+0000 INFO [o.n.i.d.DiagnosticsManager]  [classpath] /Users/robgouldie/Desktop/CS334/Deploy3/neo4j-community-4.0.3/lib/server-api-4.0.3.jar
2020-04-21 20:06:03.890+0000 INFO [o.n.i.d.DiagnosticsManager]  [classpath] /Users/robgouldie/Desktop/CS334/Deploy3/neo4j-community-4.0.3/lib/neo4j-layout-4.0.3.jar
2020-04-21 20:06:03.890+0000 INFO [o.n.i.d.DiagnosticsManager]  [classpath] /Users/robgouldie/Desktop/CS334/Deploy3/neo4j-community-4.0.3/lib/jetty-io-9.4.17.v20190418.jar
2020-04-21 20:06:03.890+0000 INFO [o.n.i.d.DiagnosticsManager]  [classpath] /Users/robgouldie/Desktop/CS334/Deploy3/neo4j-community-4.0.3/lib/txw2-2.3.2.jar
2020-04-21 20:06:03.890+0000 INFO [o.n.i.d.DiagnosticsManager]  [classpath] /Users/robgouldie/Desktop/CS334/Deploy3/neo4j-community-4.0.3/lib/scala-library-2.12.7.jar
2020-04-21 20:06:03.890+0000 INFO [o.n.i.d.DiagnosticsManager]  [classpath] /Users/robgouldie/Desktop/CS334/Deploy3/neo4j-community-4.0.3/lib/jetty-http-9.4.17.v20190418.jar
2020-04-21 20:06:03.890+0000 INFO [o.n.i.d.DiagnosticsManager]  [classpath] /Users/robgouldie/Desktop/CS334/Deploy3/neo4j-community-4.0.3/lib/neo4j-record-storage-engine-4.0.3.jar
2020-04-21 20:06:03.890+0000 INFO [o.n.i.d.DiagnosticsManager]  [classpath] /Users/robgouldie/Desktop/CS334/Deploy3/neo4j-community-4.0.3/lib/eclipse-collections-api-10.0.0.jar
2020-04-21 20:06:03.890+0000 INFO [o.n.i.d.DiagnosticsManager]  [classpath] /Users/robgouldie/Desktop/CS334/Deploy3/neo4j-community-4.0.3/lib/neo4j-procedure-api-4.0.3.jar
2020-04-21 20:06:03.890+0000 INFO [o.n.i.d.DiagnosticsManager]  [classpath] /Users/robgouldie/Desktop/CS334/Deploy3/neo4j-community-4.0.3/lib/javax.servlet-api-3.1.0.jar
2020-04-21 20:06:03.890+0000 INFO [o.n.i.d.DiagnosticsManager]  [classpath] /Users/robgouldie/Desktop/CS334/Deploy3/neo4j-community-4.0.3/lib/jakarta.inject-2.5.0.jar
2020-04-21 20:06:03.890+0000 INFO [o.n.i.d.DiagnosticsManager]  [classpath] /Users/robgouldie/Desktop/CS334/Deploy3/neo4j-community-4.0.3/lib/slf4j-api-1.7.25.jar
2020-04-21 20:06:03.890+0000 INFO [o.n.i.d.DiagnosticsManager]  [classpath] /Users/robgouldie/Desktop/CS334/Deploy3/neo4j-community-4.0.3/lib/hk2-locator-2.5.0.jar
2020-04-21 20:06:03.890+0000 INFO [o.n.i.d.DiagnosticsManager]  [classpath] /Users/robgouldie/Desktop/CS334/Deploy3/neo4j-community-4.0.3/lib/zstd-jni-1.4.3-1.jar
2020-04-21 20:06:03.890+0000 INFO [o.n.i.d.DiagnosticsManager]  [classpath] /Users/robgouldie/Desktop/CS334/Deploy3/neo4j-community-4.0.3/lib/jersey-hk2-2.29.jar
2020-04-21 20:06:03.890+0000 INFO [o.n.i.d.DiagnosticsManager]  [classpath] /Users/robgouldie/Desktop/CS334/Deploy3/neo4j-community-4.0.3/lib/shiro-core-1.4.2.jar
2020-04-21 20:06:03.890+0000 INFO [o.n.i.d.DiagnosticsManager]  [classpath] /Users/robgouldie/Desktop/CS334/Deploy3/neo4j-community-4.0.3/lib/WMI4Java-1.6.3.jar
2020-04-21 20:06:03.890+0000 INFO [o.n.i.d.DiagnosticsManager]  [classpath] /Users/robgouldie/Desktop/CS334/Deploy3/neo4j-community-4.0.3/lib/lucene-core-8.2.0.jar
2020-04-21 20:06:03.890+0000 INFO [o.n.i.d.DiagnosticsManager]  [classpath] /Users/robgouldie/Desktop/CS334/Deploy3/neo4j-community-4.0.3/lib/neo4j-kernel-4.0.3.jar
2020-04-21 20:06:03.890+0000 INFO [o.n.i.d.DiagnosticsManager]  [classpath] /Users/robgouldie/Desktop/CS334/Deploy3/neo4j-community-4.0.3/lib/picocli-4.0.4.jar
2020-04-21 20:06:03.890+0000 INFO [o.n.i.d.DiagnosticsManager]  [classpath] /Users/robgouldie/Desktop/CS334/Deploy3/neo4j-community-4.0.3/lib/jaxb-api-2.3.0.jar
2020-04-21 20:06:03.890+0000 INFO [o.n.i.d.DiagnosticsManager]  [classpath] /Users/robgouldie/Desktop/CS334/Deploy3/neo4j-community-4.0.3/lib/neo4j-consistency-check-4.0.3.jar
2020-04-21 20:06:03.890+0000 INFO [o.n.i.d.DiagnosticsManager]  [classpath] /Users/robgouldie/Desktop/CS334/Deploy3/neo4j-community-4.0.3/lib/commons-configuration-1.10.jar
2020-04-21 20:06:03.890+0000 INFO [o.n.i.d.DiagnosticsManager]  [classpath] /Users/robgouldie/Desktop/CS334/Deploy3/neo4j-community-4.0.3/lib/jetty-xml-9.4.17.v20190418.jar
2020-04-21 20:06:03.890+0000 INFO [o.n.i.d.DiagnosticsManager]  [classpath] /Users/robgouldie/Desktop/CS334/Deploy3/neo4j-community-4.0.3/lib/jakarta.activation-1.2.1.jar
2020-04-21 20:06:03.890+0000 INFO [o.n.i.d.DiagnosticsManager]  [classpath] /Users/robgouldie/Desktop/CS334/Deploy3/neo4j-community-4.0.3/lib/neo4j-csv-4.0.3.jar
2020-04-21 20:06:03.890+0000 INFO [o.n.i.d.DiagnosticsManager]  [classpath] /Users/robgouldie/Desktop/CS334/Deploy3/neo4j-community-4.0.3/lib/shiro-crypto-cipher-1.4.2.jar
2020-04-21 20:06:03.890+0000 INFO [o.n.i.d.DiagnosticsManager]  [classpath] /Users/robgouldie/Desktop/CS334/Deploy3/neo4j-community-4.0.3/lib/neo4j-token-api-4.0.3.jar
2020-04-21 20:06:03.890+0000 INFO [o.n.i.d.DiagnosticsManager]  [classpath] /Users/robgouldie/Desktop/CS334/Deploy3/neo4j-community-4.0.3/lib/neo4j-label-index-4.0.3.jar
2020-04-21 20:06:03.890+0000 INFO [o.n.i.d.DiagnosticsManager]  [classpath] /Users/robgouldie/Desktop/CS334/Deploy3/neo4j-community-4.0.3/lib/neo4j-schema-4.0.3.jar
2020-04-21 20:06:03.890+0000 INFO [o.n.i.d.DiagnosticsManager]  [classpath] /Users/robgouldie/Desktop/CS334/Deploy3/neo4j-community-4.0.3/lib/hk2-api-2.5.0.jar
2020-04-21 20:06:03.890+0000 INFO [o.n.i.d.DiagnosticsManager]  [classpath] /Users/robgouldie/Desktop/CS334/Deploy3/neo4j-community-4.0.3/lib/neo4j-logging-4.0.3.jar
2020-04-21 20:06:03.890+0000 INFO [o.n.i.d.DiagnosticsManager]  [classpath] /Users/robgouldie/Desktop/CS334/Deploy3/neo4j-community-4.0.3/lib/neo4j-index-4.0.3.jar
2020-04-21 20:06:03.890+0000 INFO [o.n.i.d.DiagnosticsManager]  [classpath] /Users/robgouldie/Desktop/CS334/Deploy3/neo4j-community-4.0.3/lib/jakarta.annotation-api-1.3.4.jar
2020-04-21 20:06:03.890+0000 INFO [o.n.i.d.DiagnosticsManager]  [classpath] /Users/robgouldie/Desktop/CS334/Deploy3/neo4j-community-4.0.3/lib/neo4j-monitoring-4.0.3.jar
2020-04-21 20:06:03.890+0000 INFO [o.n.i.d.DiagnosticsManager]  [classpath] /Users/robgouldie/Desktop/CS334/Deploy3/neo4j-community-4.0.3/lib/neo4j-spatial-index-4.0.3.jar
2020-04-21 20:06:03.890+0000 INFO [o.n.i.d.DiagnosticsManager]  [classpath] /Users/robgouldie/Desktop/CS334/Deploy3/neo4j-community-4.0.3/lib/neo4j-browser-4.0.5.jar
2020-04-21 20:06:03.890+0000 INFO [o.n.i.d.DiagnosticsManager]  [classpath] /Users/robgouldie/Desktop/CS334/Deploy3/neo4j-community-4.0.3/lib/jPowerShell-3.0.jar
2020-04-21 20:06:03.890+0000 INFO [o.n.i.d.DiagnosticsManager]  [classpath] /Users/robgouldie/Desktop/CS334/Deploy3/neo4j-community-4.0.3/lib/shiro-cache-1.4.2.jar
2020-04-21 20:06:03.890+0000 INFO [o.n.i.d.DiagnosticsManager]  [classpath] /Users/robgouldie/Desktop/CS334/Deploy3/neo4j-community-4.0.3/lib/jctools-core-2.1.2.jar
2020-04-21 20:06:03.890+0000 INFO [o.n.i.d.DiagnosticsManager]  [classpath] /Users/robgouldie/Desktop/CS334/Deploy3/neo4j-community-4.0.3/plugins/*
2020-04-21 20:06:03.890+0000 INFO [o.n.i.d.DiagnosticsManager]  [classpath] /Users/robgouldie/Desktop/CS334/Deploy3/neo4j-community-4.0.3/lib/istack-commons-runtime-3.0.8.jar
2020-04-21 20:06:03.890+0000 INFO [o.n.i.d.DiagnosticsManager]  [classpath] /Users/robgouldie/Desktop/CS334/Deploy3/neo4j-community-4.0.3/lib/neo4j-parser-4.0-4.0.3.jar
2020-04-21 20:06:03.890+0000 INFO [o.n.i.d.DiagnosticsManager]  [classpath] /Users/robgouldie/Desktop/CS334/Deploy3/neo4j-community-4.0.3/lib/neo4j-ast-4.0-4.0.3.jar
2020-04-21 20:06:03.890+0000 INFO [o.n.i.d.DiagnosticsManager]  [classpath] /Users/robgouldie/Desktop/CS334/Deploy3/neo4j-community-4.0.3/lib/slf4j-nop-1.7.25.jar
2020-04-21 20:06:03.890+0000 INFO [o.n.i.d.DiagnosticsManager]  [classpath] /Users/robgouldie/Desktop/CS334/Deploy3/neo4j-community-4.0.3/lib/stax-ex-1.8.1.jar
2020-04-21 20:06:03.890+0000 INFO [o.n.i.d.DiagnosticsManager]  [classpath] /Users/robgouldie/Desktop/CS334/Deploy3/neo4j-community-4.0.3/lib/commons-lang-2.6.jar
2020-04-21 20:06:03.890+0000 INFO [o.n.i.d.DiagnosticsManager]  [classpath] /Users/robgouldie/Desktop/CS334/Deploy3/neo4j-community-4.0.3/lib/neo4j-command-line-4.0.3.jar
2020-04-21 20:06:03.890+0000 INFO [o.n.i.d.DiagnosticsManager]  [classpath] /Users/robgouldie/Desktop/CS334/Deploy3/neo4j-community-4.0.3/lib/zstd-proxy-4.0.3.jar
2020-04-21 20:06:03.890+0000 INFO [o.n.i.d.DiagnosticsManager]  [classpath] /Users/robgouldie/Desktop/CS334/Deploy3/neo4j-community-4.0.3/lib/jetty-security-9.4.17.v20190418.jar
2020-04-21 20:06:03.890+0000 INFO [o.n.i.d.DiagnosticsManager]  [classpath] /Users/robgouldie/Desktop/CS334/Deploy3/neo4j-community-4.0.3/lib/commons-compress-1.19.jar
2020-04-21 20:06:03.890+0000 INFO [o.n.i.d.DiagnosticsManager]  [classpath] /Users/robgouldie/Desktop/CS334/Deploy3/neo4j-community-4.0.3/lib/neo4j-graphdb-api-4.0.3.jar
2020-04-21 20:06:03.890+0000 INFO [o.n.i.d.DiagnosticsManager]  [classpath] /Users/robgouldie/Desktop/CS334/Deploy3/neo4j-community-4.0.3/lib/jersey-container-servlet-2.29.jar
2020-04-21 20:06:03.890+0000 INFO [o.n.i.d.DiagnosticsManager]  [classpath] /Users/robgouldie/Desktop/CS334/Deploy3/neo4j-community-4.0.3/lib/neo4j-data-collector-4.0.3.jar
2020-04-21 20:06:03.890+0000 INFO [o.n.i.d.DiagnosticsManager]  [classpath] /Users/robgouldie/Desktop/CS334/Deploy3/neo4j-community-4.0.3/lib/eclipse-collections-10.0.0.jar
2020-04-21 20:06:03.890+0000 INFO [o.n.i.d.DiagnosticsManager]  [classpath] /Users/robgouldie/Desktop/CS334/Deploy3/neo4j-community-4.0.3/lib/neo4j-util-4.0-4.0.3.jar
2020-04-21 20:06:03.890+0000 INFO [o.n.i.d.DiagnosticsManager]  [classpath] /Users/robgouldie/Desktop/CS334/Deploy3/neo4j-community-4.0.3/lib/neo4j-cypher-runtime-util-4.0.3.jar
2020-04-21 20:06:03.890+0000 INFO [o.n.i.d.DiagnosticsManager]  [classpath] /Users/robgouldie/Desktop/CS334/Deploy3/neo4j-community-4.0.3/lib/neo4j-rewriting-4.0-4.0.3.jar
2020-04-21 20:06:03.890+0000 INFO [o.n.i.d.DiagnosticsManager]  [classpath] /Users/robgouldie/Desktop/CS334/Deploy3/neo4j-community-4.0.3/lib/lucene-queryparser-8.2.0.jar
2020-04-21 20:06:03.890+0000 INFO [o.n.i.d.DiagnosticsManager]  [classpath] /Users/robgouldie/Desktop/CS334/Deploy3/neo4j-community-4.0.3/lib/scala-reflect-2.12.7.jar
2020-04-21 20:06:03.890+0000 INFO [o.n.i.d.DiagnosticsManager]  [classpath] /Users/robgouldie/Desktop/CS334/Deploy3/neo4j-community-4.0.3/lib/neo4j-concurrent-4.0.3.jar
2020-04-21 20:06:03.890+0000 INFO [o.n.i.d.DiagnosticsManager]  [classpath] /Users/robgouldie/Desktop/CS334/Deploy3/neo4j-community-4.0.3/lib/neo4j-cypher-expression-evaluator-4.0.3.jar
2020-04-21 20:06:03.890+0000 INFO [o.n.i.d.DiagnosticsManager]  [classpath] /Users/robgouldie/Desktop/CS334/Deploy3/neo4j-community-4.0.3/lib/jakarta.activation-api-1.2.1.jar
2020-04-21 20:06:03.890+0000 INFO [o.n.i.d.DiagnosticsManager]  [classpath] /Users/robgouldie/Desktop/CS334/Deploy3/neo4j-community-4.0.3/conf
2020-04-21 20:06:03.890+0000 INFO [o.n.i.d.DiagnosticsManager]  [classpath] /Users/robgouldie/Desktop/CS334/Deploy3/neo4j-community-4.0.3/lib/neo4j-common-4.0.3.jar
2020-04-21 20:06:03.890+0000 INFO [o.n.i.d.DiagnosticsManager]  [classpath] /Users/robgouldie/Desktop/CS334/Deploy3/neo4j-community-4.0.3/lib/jakarta.ws.rs-api-2.1.5.jar
2020-04-21 20:06:03.890+0000 INFO [o.n.i.d.DiagnosticsManager]  [classpath] /Users/robgouldie/Desktop/CS334/Deploy3/neo4j-community-4.0.3/lib/shiro-crypto-hash-1.4.2.jar
2020-04-21 20:06:03.890+0000 INFO [o.n.i.d.DiagnosticsManager]  [classpath] /Users/robgouldie/Desktop/CS334/Deploy3/neo4j-community-4.0.3/lib/neo4j-native-4.0.3.jar
2020-04-21 20:06:03.890+0000 INFO [o.n.i.d.DiagnosticsManager]  [classpath] /Users/robgouldie/Desktop/CS334/Deploy3/neo4j-community-4.0.3/lib/shiro-crypto-core-1.4.2.jar
2020-04-21 20:06:03.890+0000 INFO [o.n.i.d.DiagnosticsManager]  [classpath] /Users/robgouldie/Desktop/CS334/Deploy3/neo4j-community-4.0.3/lib/javax.ws.rs-api-2.1.1.jar
2020-04-21 20:06:03.890+0000 INFO [o.n.i.d.DiagnosticsManager]  [classpath] /Users/robgouldie/Desktop/CS334/Deploy3/neo4j-community-4.0.3/lib/jaxb-runtime-2.3.2.jar
2020-04-21 20:06:03.890+0000 INFO [o.n.i.d.DiagnosticsManager]  [classpath] /Users/robgouldie/Desktop/CS334/Deploy3/neo4j-community-4.0.3/lib/jackson-databind-2.10.0.jar
2020-04-21 20:06:03.890+0000 INFO [o.n.i.d.DiagnosticsManager]  [classpath] /Users/robgouldie/Desktop/CS334/Deploy3/neo4j-community-4.0.3/lib/jetty-server-9.4.17.v20190418.jar
2020-04-21 20:06:03.890+0000 INFO [o.n.i.d.DiagnosticsManager]  [classpath] /Users/robgouldie/Desktop/CS334/Deploy3/neo4j-community-4.0.3/lib/neo4j-collections-4.0.3.jar
2020-04-21 20:06:03.890+0000 INFO [o.n.i.d.DiagnosticsManager]  [classpath] /Users/robgouldie/Desktop/CS334/Deploy3/neo4j-community-4.0.3/lib/javassist-3.22.0-CR2.jar
2020-04-21 20:06:03.890+0000 INFO [o.n.i.d.DiagnosticsManager]  [classpath] /Users/robgouldie/Desktop/CS334/Deploy3/neo4j-community-4.0.3/lib/bcpkix-jdk15on-1.64.jar
2020-04-21 20:06:03.890+0000 INFO [o.n.i.d.DiagnosticsManager]  [classpath] /Users/robgouldie/Desktop/CS334/Deploy3/neo4j-community-4.0.3/lib/neo4j-values-4.0.3.jar
2020-04-21 20:06:03.890+0000 INFO [o.n.i.d.DiagnosticsManager]  [classpath] /Users/robgouldie/Desktop/CS334/Deploy3/neo4j-community-4.0.3/lib/neo4j-lock-4.0.3.jar
2020-04-21 20:06:03.890+0000 INFO [o.n.i.d.DiagnosticsManager]  [classpath] /Users/robgouldie/Desktop/CS334/Deploy3/neo4j-community-4.0.3/lib/jersey-common-2.29.jar
2020-04-21 20:06:03.890+0000 INFO [o.n.i.d.DiagnosticsManager]  [classpath] /Users/robgouldie/Desktop/CS334/Deploy3/neo4j-community-4.0.3/lib/FastInfoset-1.2.16.jar
2020-04-21 20:06:03.890+0000 INFO [o.n.i.d.DiagnosticsManager]  [classpath] /Users/robgouldie/Desktop/CS334/Deploy3/neo4j-community-4.0.3/lib/neo4j-cypher-planner-spi-4.0.3.jar
2020-04-21 20:06:03.890+0000 INFO [o.n.i.d.DiagnosticsManager]  [classpath] /Users/robgouldie/Desktop/CS334/Deploy3/neo4j-community-4.0.3/lib/neo4j-import-tool-4.0.3.jar
2020-04-21 20:06:03.890+0000 INFO [o.n.i.d.DiagnosticsManager]  [classpath] /Users/robgouldie/Desktop/CS334/Deploy3/neo4j-community-4.0.3/lib/parboiled-scala_2.12-1.2.0.jar
2020-04-21 20:06:03.890+0000 INFO [o.n.i.d.DiagnosticsManager]  [classpath] /Users/robgouldie/Desktop/CS334/Deploy3/neo4j-community-4.0.3/lib/neo4j-fulltext-index-4.0.3.jar
2020-04-21 20:06:03.890+0000 INFO [o.n.i.d.DiagnosticsManager]  [classpath] /Users/robgouldie/Desktop/CS334/Deploy3/neo4j-community-4.0.3/lib/netty-all-4.1.48.Final.jar
2020-04-21 20:06:03.890+0000 INFO [o.n.i.d.DiagnosticsManager]  [classpath] /Users/robgouldie/Desktop/CS334/Deploy3/neo4j-community-4.0.3/lib/jetty-webapp-9.4.17.v20190418.jar
2020-04-21 20:06:03.890+0000 INFO [o.n.i.d.DiagnosticsManager]  [classpath] /Users/robgouldie/Desktop/CS334/Deploy3/neo4j-community-4.0.3/lib/commons-beanutils-1.9.4.jar
2020-04-21 20:06:03.890+0000 INFO [o.n.i.d.DiagnosticsManager]  [classpath] /Users/robgouldie/Desktop/CS334/Deploy3/neo4j-community-4.0.3/lib/neo4j-server-4.0.3.jar
2020-04-21 20:06:03.890+0000 INFO [o.n.i.d.DiagnosticsManager]  [classpath] /Users/robgouldie/Desktop/CS334/Deploy3/neo4j-community-4.0.3/lib/jetty-util-9.4.17.v20190418.jar
2020-04-21 20:06:03.890+0000 INFO [o.n.i.d.DiagnosticsManager]  [classpath] /Users/robgouldie/Desktop/CS334/Deploy3/neo4j-community-4.0.3/lib/neo4j-security-4.0.3.jar
2020-04-21 20:06:03.890+0000 INFO [o.n.i.d.DiagnosticsManager]  [classpath] /Users/robgouldie/Desktop/CS334/Deploy3/neo4j-community-4.0.3/lib/jackson-jaxrs-base-2.10.0.jar
2020-04-21 20:06:03.890+0000 INFO [o.n.i.d.DiagnosticsManager]  [classpath] /Users/robgouldie/Desktop/CS334/Deploy3/neo4j-community-4.0.3/lib/shiro-config-core-1.4.2.jar
2020-04-21 20:06:03.890+0000 INFO [o.n.i.d.DiagnosticsManager]  [classpath] /Users/robgouldie/Desktop/CS334/Deploy3/neo4j-community-4.0.3/lib/commons-collections-3.2.2.jar
2020-04-21 20:06:03.890+0000 INFO [o.n.i.d.DiagnosticsManager]  [classpath] /Users/robgouldie/Desktop/CS334/Deploy3/neo4j-community-4.0.3/lib/neo4j-cypher-4.0.3.jar
2020-04-21 20:06:03.890+0000 INFO [o.n.i.d.DiagnosticsManager]  [classpath] /Users/robgouldie/Desktop/CS334/Deploy3/neo4j-community-4.0.3/lib/jna-5.4.0.jar
2020-04-21 20:06:03.890+0000 INFO [o.n.i.d.DiagnosticsManager]  [classpath] /Users/robgouldie/Desktop/CS334/Deploy3/neo4j-community-4.0.3/lib/shiro-event-1.4.2.jar
2020-04-21 20:06:03.890+0000 INFO [o.n.i.d.DiagnosticsManager]  [classpath] /Users/robgouldie/Desktop/CS334/Deploy3/neo4j-community-4.0.3/lib/jersey-container-servlet-core-2.29.jar
2020-04-21 20:06:03.890+0000 INFO [o.n.i.d.DiagnosticsManager]  [classpath] /Users/robgouldie/Desktop/CS334/Deploy3/neo4j-community-4.0.3/lib/shiro-config-ogdl-1.4.2.jar
2020-04-21 20:06:03.890+0000 INFO [o.n.i.d.DiagnosticsManager]  [classpath] /Users/robgouldie/Desktop/CS334/Deploy3/neo4j-community-4.0.3/lib/caffeine-2.8.0.jar
2020-04-21 20:06:03.890+0000 INFO [o.n.i.d.DiagnosticsManager]  [classpath] /Users/robgouldie/Desktop/CS334/Deploy3/neo4j-community-4.0.3/lib/neo4j-unsafe-4.0.3.jar
2020-04-21 20:06:03.890+0000 INFO [o.n.i.d.DiagnosticsManager]  [classpath] /Users/robgouldie/Desktop/CS334/Deploy3/neo4j-community-4.0.3/plugins
2020-04-21 20:06:03.890+0000 INFO [o.n.i.d.DiagnosticsManager]  [classpath] /Users/robgouldie/Desktop/CS334/Deploy3/neo4j-community-4.0.3/lib/neo4j-cypher-ir-4.0.3.jar
2020-04-21 20:06:03.890+0000 INFO [o.n.i.d.DiagnosticsManager]  [classpath] /Users/robgouldie/Desktop/CS334/Deploy3/neo4j-community-4.0.3/lib/neo4j-wal-4.0.3.jar
2020-04-21 20:06:03.890+0000 INFO [o.n.i.d.DiagnosticsManager]  [classpath] /Users/robgouldie/Desktop/CS334/Deploy3/neo4j-community-4.0.3/lib/neo4j-configuration-4.0.3.jar
2020-04-21 20:06:03.890+0000 INFO [o.n.i.d.DiagnosticsManager]  [classpath] /Users/robgouldie/Desktop/CS334/Deploy3/neo4j-community-4.0.3/lib/jackson-jaxrs-json-provider-2.10.0.jar
2020-04-21 20:06:03.890+0000 INFO [o.n.i.d.DiagnosticsManager]  [classpath] /Users/robgouldie/Desktop/CS334/Deploy3/neo4j-community-4.0.3/lib/hk2-utils-2.5.0.jar
2020-04-21 20:06:03.890+0000 INFO [o.n.i.d.DiagnosticsManager]  [classpath] /Users/robgouldie/Desktop/CS334/Deploy3/neo4j-community-4.0.3/lib/commons-io-2.6.jar
2020-04-21 20:06:03.890+0000 INFO [o.n.i.d.DiagnosticsManager]  [classpath] /Users/robgouldie/Desktop/CS334/Deploy3/neo4j-community-4.0.3/lib/jackson-annotations-2.10.0.jar
2020-04-21 20:06:03.890+0000 INFO [o.n.i.d.DiagnosticsManager]  [classpath] /Users/robgouldie/Desktop/CS334/Deploy3/neo4j-community-4.0.3/lib/parboiled-core-1.2.0.jar
2020-04-21 20:06:03.890+0000 INFO [o.n.i.d.DiagnosticsManager]  [classpath] /Users/robgouldie/Desktop/CS334/Deploy3/neo4j-community-4.0.3/lib/neo4j-graph-algo-4.0.3.jar
2020-04-21 20:06:03.890+0000 INFO [o.n.i.d.DiagnosticsManager]  [classpath] /Users/robgouldie/Desktop/CS334/Deploy3/neo4j-community-4.0.3/lib/neo4j-dbms-4.0.3.jar
2020-04-21 20:06:03.890+0000 INFO [o.n.i.d.DiagnosticsManager]  [classpath] /Users/robgouldie/Desktop/CS334/Deploy3/neo4j-community-4.0.3/lib/jersey-media-jaxb-2.29.jar
2020-04-21 20:06:03.890+0000 INFO [o.n.i.d.DiagnosticsManager]  [classpath] /Users/robgouldie/Desktop/CS334/Deploy3/neo4j-community-4.0.3/lib/jackson-core-2.10.0.jar
2020-04-21 20:06:03.890+0000 INFO [o.n.i.d.DiagnosticsManager]  [classpath] /Users/robgouldie/Desktop/CS334/Deploy3/neo4j-community-4.0.3/lib/neo4j-batch-insert-4.0.3.jar
2020-04-21 20:06:03.890+0000 INFO [o.n.i.d.DiagnosticsManager]  [classpath] /Users/robgouldie/Desktop/CS334/Deploy3/neo4j-community-4.0.3/lib/neo4j-expressions-4.0-4.0.3.jar
2020-04-21 20:06:03.890+0000 INFO [o.n.i.d.DiagnosticsManager]  [classpath] /Users/robgouldie/Desktop/CS334/Deploy3/neo4j-community-4.0.3/lib/jersey-client-2.29.jar
2020-04-21 20:06:03.890+0000 INFO [o.n.i.d.DiagnosticsManager]  [classpath] /Users/robgouldie/Desktop/CS334/Deploy3/neo4j-community-4.0.3/lib/neo4j-cypher-logical-plans-4.0.3.jar
2020-04-21 20:06:03.890+0000 INFO [o.n.i.d.DiagnosticsManager]  [classpath] /Users/robgouldie/Desktop/CS334/Deploy3/neo4j-community-4.0.3/lib/lucene-codecs-8.2.0.jar
2020-04-21 20:06:03.890+0000 INFO [o.n.i.d.DiagnosticsManager]  [classpath] /Users/robgouldie/Desktop/CS334/Deploy3/neo4j-community-4.0.3/lib/neo4j-cypher-interpreted-runtime-4.0.3.jar
2020-04-21 20:06:03.891+0000 INFO [o.n.i.d.DiagnosticsManager]  [classpath] /Users/robgouldie/Desktop/CS334/Deploy3/neo4j-community-4.0.3/lib/lucene-analyzers-common-8.2.0.jar
2020-04-21 20:06:03.891+0000 INFO [o.n.i.d.DiagnosticsManager]  [classpath] /Users/robgouldie/Desktop/CS334/Deploy3/neo4j-community-4.0.3/lib/neo4j-exceptions-4.0.3.jar
2020-04-21 20:06:03.891+0000 INFO [o.n.i.d.DiagnosticsManager]  [classpath] /Users/robgouldie/Desktop/CS334/Deploy3/neo4j-community-4.0.3/lib/neo4j-kernel-api-4.0.3.jar
2020-04-21 20:06:03.891+0000 INFO [o.n.i.d.DiagnosticsManager]  [classpath] /Users/robgouldie/Desktop/CS334/Deploy3/neo4j-community-4.0.3/lib/neo4j-4.0.3.jar
2020-04-21 20:06:03.891+0000 INFO [o.n.i.d.DiagnosticsManager]  [classpath] /Users/robgouldie/Desktop/CS334/Deploy3/neo4j-community-4.0.3/lib/neo4j-resource-4.0.3.jar
2020-04-21 20:06:03.891+0000 INFO [o.n.i.d.DiagnosticsManager]  [classpath] /Users/robgouldie/Desktop/CS334/Deploy3/neo4j-community-4.0.3/lib/neo4j-diagnostics-4.0.3.jar
2020-04-21 20:06:03.891+0000 INFO [o.n.i.d.DiagnosticsManager]  [classpath] /Users/robgouldie/Desktop/CS334/Deploy3/neo4j-community-4.0.3/lib/commons-lang3-3.9.jar
2020-04-21 20:06:03.891+0000 INFO [o.n.i.d.DiagnosticsManager]  [classpath] /Users/robgouldie/Desktop/CS334/Deploy3/neo4j-community-4.0.3/lib/neo4j-import-util-4.0.3.jar
2020-04-21 20:06:03.891+0000 INFO [o.n.i.d.DiagnosticsManager]  [classpath] /Users/robgouldie/Desktop/CS334/Deploy3/neo4j-community-4.0.3/lib/jakarta.xml.bind-api-2.3.2.jar
2020-04-21 20:06:03.891+0000 INFO [o.n.i.d.DiagnosticsManager]  [classpath] /Users/robgouldie/Desktop/CS334/Deploy3/neo4j-community-4.0.3/lib/shiro-lang-1.4.2.jar
2020-04-21 20:06:03.891+0000 INFO [o.n.i.d.DiagnosticsManager]  [classpath] /Users/robgouldie/Desktop/CS334/Deploy3/neo4j-community-4.0.3/lib/neo4j-lucene-index-4.0.3.jar
2020-04-21 20:06:03.891+0000 INFO [o.n.i.d.DiagnosticsManager]  [classpath] /Users/robgouldie/Desktop/CS334/Deploy3/neo4j-community-4.0.3/lib/commons-logging-1.2.jar
2020-04-21 20:06:03.891+0000 INFO [o.n.i.d.DiagnosticsManager]  [classpath] /Users/robgouldie/Desktop/CS334/Deploy3/neo4j-community-4.0.3/lib/jersey-server-2.29.jar
2020-04-21 20:06:03.891+0000 INFO [o.n.i.d.DiagnosticsManager] 
2020-04-21 20:06:03.891+0000 INFO [o.n.i.d.DiagnosticsManager] --------------------------------------------------------------------------------
2020-04-21 20:06:03.891+0000 INFO [o.n.i.d.DiagnosticsManager]                                 [ Library path ]                                
2020-04-21 20:06:03.891+0000 INFO [o.n.i.d.DiagnosticsManager] --------------------------------------------------------------------------------
2020-04-21 20:06:03.891+0000 INFO [o.n.i.d.DiagnosticsManager] /Users/robgouldie/Library/Java/Extensions
2020-04-21 20:06:03.891+0000 INFO [o.n.i.d.DiagnosticsManager] /Library/Java/Extensions
2020-04-21 20:06:03.891+0000 INFO [o.n.i.d.DiagnosticsManager] /Network/Library/Java/Extensions
2020-04-21 20:06:03.891+0000 INFO [o.n.i.d.DiagnosticsManager] /System/Library/Java/Extensions
2020-04-21 20:06:03.891+0000 INFO [o.n.i.d.DiagnosticsManager] /usr/lib/java
2020-04-21 20:06:03.891+0000 INFO [o.n.i.d.DiagnosticsManager] /Users/robgouldie/Desktop/CS334/Deploy3
2020-04-21 20:06:03.891+0000 INFO [o.n.i.d.DiagnosticsManager] 
2020-04-21 20:06:03.891+0000 INFO [o.n.i.d.DiagnosticsManager] --------------------------------------------------------------------------------
2020-04-21 20:06:03.891+0000 INFO [o.n.i.d.DiagnosticsManager]                              [ System properties ]                              
2020-04-21 20:06:03.891+0000 INFO [o.n.i.d.DiagnosticsManager] --------------------------------------------------------------------------------
2020-04-21 20:06:03.891+0000 INFO [o.n.i.d.DiagnosticsManager] gopherProxySet = false
2020-04-21 20:06:03.891+0000 INFO [o.n.i.d.DiagnosticsManager] awt.toolkit = sun.lwawt.macosx.LWCToolkit
2020-04-21 20:06:03.891+0000 INFO [o.n.i.d.DiagnosticsManager] jdk.tls.rejectClientInitiatedRenegotiation = true
2020-04-21 20:06:03.891+0000 INFO [o.n.i.d.DiagnosticsManager] sun.cpu.isalist = 
2020-04-21 20:06:03.891+0000 INFO [o.n.i.d.DiagnosticsManager] sun.jnu.encoding = UTF-8
2020-04-21 20:06:03.891+0000 INFO [o.n.i.d.DiagnosticsManager] sun.arch.data.model = 64
2020-04-21 20:06:03.891+0000 INFO [o.n.i.d.DiagnosticsManager] user.timezone = Africa/Johannesburg
2020-04-21 20:06:03.891+0000 INFO [o.n.i.d.DiagnosticsManager] sun.java.launcher = SUN_STANDARD
2020-04-21 20:06:03.891+0000 INFO [o.n.i.d.DiagnosticsManager] user.country = ZA
2020-04-21 20:06:03.891+0000 INFO [o.n.i.d.DiagnosticsManager] sun.boot.library.path = /Library/Java/JavaVirtualMachines/jdk-11.0.7.jdk/Contents/Home/lib
2020-04-21 20:06:03.891+0000 INFO [o.n.i.d.DiagnosticsManager] sun.java.command = org.neo4j.server.CommunityEntryPoint --home-dir=/Users/robgouldie/Desktop/CS334/Deploy3/neo4j-community-4.0.3 --config-dir=/Users/robgouldie/Desktop/CS334/Deploy3/neo4j-community-4.0.3/conf
2020-04-21 20:06:03.891+0000 INFO [o.n.i.d.DiagnosticsManager] http.nonProxyHosts = local|*.local|169.254/16|*.169.254/16
2020-04-21 20:06:03.891+0000 INFO [o.n.i.d.DiagnosticsManager] jdk.debug = release
2020-04-21 20:06:03.891+0000 INFO [o.n.i.d.DiagnosticsManager] sun.cpu.endian = little
2020-04-21 20:06:03.891+0000 INFO [o.n.i.d.DiagnosticsManager] io.netty.tryReflectionSetAccessible = true
2020-04-21 20:06:03.891+0000 INFO [o.n.i.d.DiagnosticsManager] user.home = /Users/robgouldie
2020-04-21 20:06:03.891+0000 INFO [o.n.i.d.DiagnosticsManager] user.language = en
2020-04-21 20:06:03.891+0000 INFO [o.n.i.d.DiagnosticsManager] file.separator = /
2020-04-21 20:06:03.891+0000 INFO [o.n.i.d.DiagnosticsManager] jdk.tls.ephemeralDHKeySize = 2048
2020-04-21 20:06:03.891+0000 INFO [o.n.i.d.DiagnosticsManager] sun.management.compiler = HotSpot 64-Bit Tiered Compilers
2020-04-21 20:06:03.891+0000 INFO [o.n.i.d.DiagnosticsManager] ftp.nonProxyHosts = local|*.local|169.254/16|*.169.254/16
2020-04-21 20:06:03.891+0000 INFO [o.n.i.d.DiagnosticsManager] user.name = robgouldie
2020-04-21 20:06:03.891+0000 INFO [o.n.i.d.DiagnosticsManager] path.separator = :
2020-04-21 20:06:03.891+0000 INFO [o.n.i.d.DiagnosticsManager] jdk.nio.maxCachedBufferSize = 262144
2020-04-21 20:06:03.891+0000 INFO [o.n.i.d.DiagnosticsManager] file.encoding = UTF-8
2020-04-21 20:06:03.891+0000 INFO [o.n.i.d.DiagnosticsManager] sun.nio.ch.bugLevel = 
2020-04-21 20:06:03.891+0000 INFO [o.n.i.d.DiagnosticsManager] jetty.git.hash = aa1c656c315c011c01e7b21aabb04066635b9f67
2020-04-21 20:06:03.891+0000 INFO [o.n.i.d.DiagnosticsManager] user.dir = /Users/robgouldie/Desktop/CS334/Deploy3
2020-04-21 20:06:03.891+0000 INFO [o.n.i.d.DiagnosticsManager] sun.os.patch.level = unknown
2020-04-21 20:06:03.891+0000 INFO [o.n.i.d.DiagnosticsManager] sun.io.unicode.encoding = UnicodeBig
2020-04-21 20:06:03.891+0000 INFO [o.n.i.d.DiagnosticsManager] socksNonProxyHosts = local|*.local|169.254/16|*.169.254/16
2020-04-21 20:06:03.891+0000 INFO [o.n.i.d.DiagnosticsManager] 
2020-04-21 20:06:03.891+0000 INFO [o.n.i.d.DiagnosticsManager] --------------------------------------------------------------------------------
2020-04-21 20:06:03.891+0000 INFO [o.n.i.d.DiagnosticsManager]                       [ (IANA) TimeZone database version ]                      
2020-04-21 20:06:03.891+0000 INFO [o.n.i.d.DiagnosticsManager] --------------------------------------------------------------------------------
2020-04-21 20:06:03.892+0000 INFO [o.n.i.d.DiagnosticsManager]   TimeZone version: 2019c (available for 600 zone identifiers)
2020-04-21 20:06:03.892+0000 INFO [o.n.i.d.DiagnosticsManager] 
2020-04-21 20:06:03.892+0000 INFO [o.n.i.d.DiagnosticsManager] --------------------------------------------------------------------------------
2020-04-21 20:06:03.892+0000 INFO [o.n.i.d.DiagnosticsManager]                             [ Network information ]                             
2020-04-21 20:06:03.892+0000 INFO [o.n.i.d.DiagnosticsManager] --------------------------------------------------------------------------------
2020-04-21 20:06:03.893+0000 INFO [o.n.i.d.DiagnosticsManager] Interface utun1:
2020-04-21 20:06:03.893+0000 INFO [o.n.i.d.DiagnosticsManager]     address: fe80:0:0:0:fdfd:4b4a:873e:511d%utun1
2020-04-21 20:06:03.893+0000 INFO [o.n.i.d.DiagnosticsManager] Interface utun0:
2020-04-21 20:06:03.893+0000 INFO [o.n.i.d.DiagnosticsManager]     address: fe80:0:0:0:fec7:17f:7644:3fec%utun0
2020-04-21 20:06:03.893+0000 INFO [o.n.i.d.DiagnosticsManager] Interface llw0:
2020-04-21 20:06:03.893+0000 INFO [o.n.i.d.DiagnosticsManager]     address: fe80:0:0:0:a4f1:39ff:fe9e:7f53%llw0
2020-04-21 20:06:03.893+0000 INFO [o.n.i.d.DiagnosticsManager] Interface awdl0:
2020-04-21 20:06:03.893+0000 INFO [o.n.i.d.DiagnosticsManager]     address: fe80:0:0:0:a4f1:39ff:fe9e:7f53%awdl0
2020-04-21 20:06:03.893+0000 INFO [o.n.i.d.DiagnosticsManager] Interface en5:
2020-04-21 20:06:03.893+0000 INFO [o.n.i.d.DiagnosticsManager]     address: fe80:0:0:0:aede:48ff:fe00:1122%en5
2020-04-21 20:06:03.893+0000 INFO [o.n.i.d.DiagnosticsManager] Interface en0:
2020-04-21 20:06:03.893+0000 INFO [o.n.i.d.DiagnosticsManager]     address: fe80:0:0:0:bf:d789:401:7f60%en0
2020-04-21 20:06:03.893+0000 INFO [o.n.i.d.DiagnosticsManager]     address: 192.168.8.102
2020-04-21 20:06:03.893+0000 INFO [o.n.i.d.DiagnosticsManager] Interface lo0:
2020-04-21 20:06:03.893+0000 INFO [o.n.i.d.DiagnosticsManager]     address: fe80:0:0:0:0:0:0:1%lo0
2020-04-21 20:06:03.893+0000 INFO [o.n.i.d.DiagnosticsManager]     address: 0:0:0:0:0:0:0:1%lo0
2020-04-21 20:06:03.893+0000 INFO [o.n.i.d.DiagnosticsManager]     address: 127.0.0.1
2020-04-21 20:06:03.893+0000 INFO [o.n.i.d.DiagnosticsManager] 
2020-04-21 20:06:03.893+0000 INFO [o.n.i.d.DiagnosticsManager] --------------------------------------------------------------------------------
2020-04-21 20:06:03.893+0000 INFO [o.n.i.d.DiagnosticsManager]                          [ Native access information ]                          
2020-04-21 20:06:03.893+0000 INFO [o.n.i.d.DiagnosticsManager] --------------------------------------------------------------------------------
2020-04-21 20:06:03.893+0000 INFO [o.n.i.d.DiagnosticsManager] Native access details: Native access is not available for current platform.
2020-04-21 20:06:03.893+0000 INFO [o.n.i.d.DiagnosticsManager] 
2020-04-21 20:06:03.893+0000 INFO [o.n.i.d.DiagnosticsManager] --------------------------------------------------------------------------------
2020-04-21 20:06:03.893+0000 INFO [o.n.i.d.DiagnosticsManager]                                 [ DBMS config ]                                 
2020-04-21 20:06:03.893+0000 INFO [o.n.i.d.DiagnosticsManager] --------------------------------------------------------------------------------
2020-04-21 20:06:03.893+0000 INFO [o.n.i.d.DiagnosticsManager] DBMS provided settings:
2020-04-21 20:06:03.894+0000 INFO [o.n.i.d.DiagnosticsManager] dbms.connector.bolt.enabled=true
2020-04-21 20:06:03.894+0000 INFO [o.n.i.d.DiagnosticsManager] dbms.connector.bolt.listen_address=0.0.0.0:8000
2020-04-21 20:06:03.894+0000 INFO [o.n.i.d.DiagnosticsManager] dbms.connector.bolt.tls_level=DISABLED
2020-04-21 20:06:03.894+0000 INFO [o.n.i.d.DiagnosticsManager] dbms.connector.http.enabled=true
2020-04-21 20:06:03.894+0000 INFO [o.n.i.d.DiagnosticsManager] dbms.connector.http.listen_address=0.0.0.0:8001
2020-04-21 20:06:03.894+0000 INFO [o.n.i.d.DiagnosticsManager] dbms.connector.https.enabled=false
2020-04-21 20:06:03.894+0000 INFO [o.n.i.d.DiagnosticsManager] dbms.connector.https.listen_address=0.0.0.0:8002
2020-04-21 20:06:03.894+0000 INFO [o.n.i.d.DiagnosticsManager] dbms.default_advertised_address=0.0.0.0
2020-04-21 20:06:03.894+0000 INFO [o.n.i.d.DiagnosticsManager] dbms.default_listen_address=0.0.0.0
2020-04-21 20:06:03.894+0000 INFO [o.n.i.d.DiagnosticsManager] dbms.directories.import=/Users/robgouldie/Desktop/CS334/Deploy3/neo4j-community-4.0.3/import
2020-04-21 20:06:03.894+0000 INFO [o.n.i.d.DiagnosticsManager] dbms.directories.neo4j_home=/Users/robgouldie/Desktop/CS334/Deploy3/neo4j-community-4.0.3
2020-04-21 20:06:03.894+0000 INFO [o.n.i.d.DiagnosticsManager] dbms.directories.plugins=/Users/robgouldie/Desktop/CS334/Deploy3/neo4j-community-4.0.3/plugins
2020-04-21 20:06:03.894+0000 INFO [o.n.i.d.DiagnosticsManager] dbms.directories.tx_log=/Users/robgouldie/Desktop/CS334/Deploy3/neo4j-community-4.0.3/data/databases/neo4j
2020-04-21 20:06:03.894+0000 INFO [o.n.i.d.DiagnosticsManager] dbms.jvm.additional=-Djdk.tls.rejectClientInitiatedRenegotiation=true
2020-04-21 20:06:03.894+0000 INFO [o.n.i.d.DiagnosticsManager] dbms.security.procedures.unrestricted=apoc.schema.*
2020-04-21 20:06:03.894+0000 INFO [o.n.i.d.DiagnosticsManager] dbms.security.procedures.whitelist=apoc.*
2020-04-21 20:06:03.894+0000 INFO [o.n.i.d.DiagnosticsManager] dbms.tx_log.rotation.retention_policy=1 days
2020-04-21 20:06:03.894+0000 INFO [o.n.i.d.DiagnosticsManager] dbms.windows_service_name=neo4j
2020-04-21 20:06:03.894+0000 INFO [o.n.i.d.DiagnosticsManager] unsupported.dbms.block_size.array_properties=120
2020-04-21 20:06:03.894+0000 INFO [o.n.i.d.DiagnosticsManager] unsupported.dbms.block_size.labels=56
2020-04-21 20:06:03.894+0000 INFO [o.n.i.d.DiagnosticsManager] unsupported.dbms.block_size.strings=120
2020-04-21 20:06:03.894+0000 INFO [o.n.i.d.DiagnosticsManager] 
2020-04-21 20:06:03.894+0000 INFO [o.n.i.d.DiagnosticsManager] ********************************************************************************
2020-04-21 20:06:03.894+0000 INFO [o.n.i.d.DiagnosticsManager]                               [ Database: system ]                              
2020-04-21 20:06:03.894+0000 INFO [o.n.i.d.DiagnosticsManager] ********************************************************************************
2020-04-21 20:06:03.894+0000 INFO [o.n.i.d.DiagnosticsManager] Database is started.
2020-04-21 20:06:03.894+0000 INFO [o.n.i.d.DiagnosticsManager] --------------------------------------------------------------------------------
2020-04-21 20:06:03.894+0000 INFO [o.n.i.d.DiagnosticsManager]                                   [ Version ]                                   
2020-04-21 20:06:03.894+0000 INFO [o.n.i.d.DiagnosticsManager] --------------------------------------------------------------------------------
2020-04-21 20:06:03.895+0000 INFO [o.n.i.d.DiagnosticsManager] DBMS: community single StoreId{creationTime=1587466442441, randomId=7420522177647484218, storeVersion=3471765337752883975, upgradeTime=1587466442441, upgradeTxId=1}
2020-04-21 20:06:03.895+0000 INFO [o.n.i.d.DiagnosticsManager] Kernel version: 4.0.3,790a1985259aa8fd36bd5c719c3dc897a22d0472
2020-04-21 20:06:03.895+0000 INFO [o.n.i.d.DiagnosticsManager] 
2020-04-21 20:06:03.895+0000 INFO [o.n.i.d.DiagnosticsManager] --------------------------------------------------------------------------------
2020-04-21 20:06:03.895+0000 INFO [o.n.i.d.DiagnosticsManager]                                 [ Store files ]                                 
2020-04-21 20:06:03.895+0000 INFO [o.n.i.d.DiagnosticsManager] --------------------------------------------------------------------------------
2020-04-21 20:06:03.895+0000 INFO [o.n.i.d.DiagnosticsManager] Disk space on partition (Total / Free / Free %): 0 / 0 / 0
2020-04-21 20:06:03.895+0000 INFO [o.n.i.d.DiagnosticsManager] Storage files stored on file store: Unknown file store type: /Users/robgouldie/Desktop/CS334/Deploy3/neo4j-community-4.0.3/data/databases/system
2020-04-21 20:06:03.895+0000 INFO [o.n.i.d.DiagnosticsManager] Storage files: (filename : modification date - size)
2020-04-21 20:06:03.895+0000 INFO [o.n.i.d.DiagnosticsManager] Storage summary: 
2020-04-21 20:06:03.895+0000 INFO [o.n.i.d.DiagnosticsManager]   Total size of store: 0B
2020-04-21 20:06:03.896+0000 INFO [o.n.i.d.DiagnosticsManager]   Total size of mapped files: 0B
2020-04-21 20:06:03.896+0000 INFO [o.n.i.d.DiagnosticsManager] 
2020-04-21 20:06:03.896+0000 INFO [o.n.i.d.DiagnosticsManager] --------------------------------------------------------------------------------
2020-04-21 20:06:03.896+0000 INFO [o.n.i.d.DiagnosticsManager]                               [ Transaction log ]                               
2020-04-21 20:06:03.896+0000 INFO [o.n.i.d.DiagnosticsManager] --------------------------------------------------------------------------------
2020-04-21 20:06:03.896+0000 INFO [o.n.i.d.DiagnosticsManager] Transaction log files stored on file store: Unknown file store type: /Users/robgouldie/Desktop/CS334/Deploy3/neo4j-community-4.0.3/data/transactions/system
2020-04-21 20:06:03.896+0000 INFO [o.n.i.d.DiagnosticsManager] No transactions found in any log
2020-04-21 20:06:03.896+0000 INFO [o.n.i.d.DiagnosticsManager] 
2020-04-21 20:06:03.896+0000 INFO [o.n.i.d.DiagnosticsManager] --------------------------------------------------------------------------------
2020-04-21 20:06:03.896+0000 INFO [o.n.i.d.DiagnosticsManager]                                   [ Id usage ]                                  
2020-04-21 20:06:03.896+0000 INFO [o.n.i.d.DiagnosticsManager] --------------------------------------------------------------------------------
2020-04-21 20:06:03.896+0000 INFO [o.n.i.d.DiagnosticsManager] ArrayPropertyStore: used=1 high=0
2020-04-21 20:06:03.896+0000 INFO [o.n.i.d.DiagnosticsManager] NodeStore: used=3 high=2
2020-04-21 20:06:03.896+0000 INFO [o.n.i.d.DiagnosticsManager] StringPropertyStore: used=49 high=48
2020-04-21 20:06:03.896+0000 INFO [o.n.i.d.DiagnosticsManager] PropertyIndexStore: used=28 high=27
2020-04-21 20:06:03.896+0000 INFO [o.n.i.d.DiagnosticsManager] StringPropertyStore: used=5 high=4
2020-04-21 20:06:03.896+0000 INFO [o.n.i.d.DiagnosticsManager] ArrayPropertyStore: used=1 high=0
2020-04-21 20:06:03.896+0000 INFO [o.n.i.d.DiagnosticsManager] PropertyStore: used=40 high=39
2020-04-21 20:06:03.896+0000 INFO [o.n.i.d.DiagnosticsManager] RelationshipStore: used=0 high=-1
2020-04-21 20:06:03.896+0000 INFO [o.n.i.d.DiagnosticsManager] StringPropertyStore: used=1 high=0
2020-04-21 20:06:03.896+0000 INFO [o.n.i.d.DiagnosticsManager] RelationshipTypeStore: used=0 high=-1
2020-04-21 20:06:03.896+0000 INFO [o.n.i.d.DiagnosticsManager] StringPropertyStore: used=3 high=2
2020-04-21 20:06:03.896+0000 INFO [o.n.i.d.DiagnosticsManager] LabelTokenStore: used=2 high=1
2020-04-21 20:06:03.896+0000 INFO [o.n.i.d.DiagnosticsManager] SchemaStore: used=5 high=4
2020-04-21 20:06:03.896+0000 INFO [o.n.i.d.DiagnosticsManager] RelationshipGroupStore: used=1 high=0
2020-04-21 20:06:03.896+0000 INFO [o.n.i.d.DiagnosticsManager] NeoStore: used=15 high=14
2020-04-21 20:06:03.896+0000 INFO [o.n.i.d.DiagnosticsManager] 
2020-04-21 20:06:03.896+0000 INFO [o.n.i.d.DiagnosticsManager] --------------------------------------------------------------------------------
2020-04-21 20:06:03.896+0000 INFO [o.n.i.d.DiagnosticsManager]                               [ Neostore records ]                              
2020-04-21 20:06:03.896+0000 INFO [o.n.i.d.DiagnosticsManager] --------------------------------------------------------------------------------
2020-04-21 20:06:03.896+0000 INFO [o.n.i.d.DiagnosticsManager] TIME (Creation time): 1587466442441
2020-04-21 20:06:03.896+0000 INFO [o.n.i.d.DiagnosticsManager] RANDOM_NUMBER (Random number for store id): 7420522177647484218
2020-04-21 20:06:03.896+0000 INFO [o.n.i.d.DiagnosticsManager] LOG_VERSION (Current log version): 0
2020-04-21 20:06:03.896+0000 INFO [o.n.i.d.DiagnosticsManager] LAST_TRANSACTION_ID (Last committed transaction): 21
2020-04-21 20:06:03.896+0000 INFO [o.n.i.d.DiagnosticsManager] STORE_VERSION (Store format version): 3471765337752883975
2020-04-21 20:06:03.896+0000 INFO [o.n.i.d.DiagnosticsManager] FIRST_GRAPH_PROPERTY (First property record containing graph properties): -1
2020-04-21 20:06:03.896+0000 INFO [o.n.i.d.DiagnosticsManager] LAST_CONSTRAINT_TRANSACTION (Last committed transaction containing constraint changes): 16
2020-04-21 20:06:03.896+0000 INFO [o.n.i.d.DiagnosticsManager] UPGRADE_TRANSACTION_ID (Transaction id most recent upgrade was performed at): 1
2020-04-21 20:06:03.896+0000 INFO [o.n.i.d.DiagnosticsManager] UPGRADE_TIME (Time of last upgrade): 1587466442441
2020-04-21 20:06:03.896+0000 INFO [o.n.i.d.DiagnosticsManager] LAST_TRANSACTION_CHECKSUM (Checksum of last committed transaction): -1595199208
2020-04-21 20:06:03.896+0000 INFO [o.n.i.d.DiagnosticsManager] UPGRADE_TRANSACTION_CHECKSUM (Checksum of transaction id the most recent upgrade was performed at): -559063315
2020-04-21 20:06:03.896+0000 INFO [o.n.i.d.DiagnosticsManager] LAST_CLOSED_TRANSACTION_LOG_VERSION (Log version where the last transaction commit entry has been written into): 0
2020-04-21 20:06:03.896+0000 INFO [o.n.i.d.DiagnosticsManager] LAST_CLOSED_TRANSACTION_LOG_BYTE_OFFSET (Byte offset in the log file where the last transaction commit entry has been written into): 16137
2020-04-21 20:06:03.896+0000 INFO [o.n.i.d.DiagnosticsManager] LAST_TRANSACTION_COMMIT_TIMESTAMP (Commit time timestamp for last committed transaction): 1587467547674
2020-04-21 20:06:03.896+0000 INFO [o.n.i.d.DiagnosticsManager] UPGRADE_TRANSACTION_COMMIT_TIMESTAMP (Commit timestamp of transaction the most recent upgrade was performed at): 0
2020-04-21 20:06:03.896+0000 INFO [o.n.i.d.DiagnosticsManager] LAST_MISSING_STORE_FILES_RECOVERY_TIMESTAMP (Timestamp of last attempt to perform a recovery on the store with missing files.): -1
2020-04-21 20:06:03.896+0000 INFO [o.n.i.d.DiagnosticsManager] 
2020-04-21 20:06:03.896+0000 INFO [o.n.i.d.DiagnosticsManager] --------------------------------------------------------------------------------
2020-04-21 20:06:03.896+0000 INFO [o.n.i.d.DiagnosticsManager]                                [ Store versions ]                               
2020-04-21 20:06:03.896+0000 INFO [o.n.i.d.DiagnosticsManager] --------------------------------------------------------------------------------
2020-04-21 20:06:03.896+0000 INFO [o.n.i.d.DiagnosticsManager] ArrayPropertyStore SF4.0.0
2020-04-21 20:06:03.896+0000 INFO [o.n.i.d.DiagnosticsManager] NodeStore SF4.0.0
2020-04-21 20:06:03.896+0000 INFO [o.n.i.d.DiagnosticsManager] StringPropertyStore SF4.0.0
2020-04-21 20:06:03.896+0000 INFO [o.n.i.d.DiagnosticsManager] PropertyIndexStore SF4.0.0
2020-04-21 20:06:03.896+0000 INFO [o.n.i.d.DiagnosticsManager] StringPropertyStore SF4.0.0
2020-04-21 20:06:03.896+0000 INFO [o.n.i.d.DiagnosticsManager] ArrayPropertyStore SF4.0.0
2020-04-21 20:06:03.896+0000 INFO [o.n.i.d.DiagnosticsManager] PropertyStore SF4.0.0
2020-04-21 20:06:03.896+0000 INFO [o.n.i.d.DiagnosticsManager] RelationshipStore SF4.0.0
2020-04-21 20:06:03.896+0000 INFO [o.n.i.d.DiagnosticsManager] StringPropertyStore SF4.0.0
2020-04-21 20:06:03.896+0000 INFO [o.n.i.d.DiagnosticsManager] RelationshipTypeStore SF4.0.0
2020-04-21 20:06:03.896+0000 INFO [o.n.i.d.DiagnosticsManager] StringPropertyStore SF4.0.0
2020-04-21 20:06:03.896+0000 INFO [o.n.i.d.DiagnosticsManager] LabelTokenStore SF4.0.0
2020-04-21 20:06:03.896+0000 INFO [o.n.i.d.DiagnosticsManager] SchemaStore SF4.0.0
2020-04-21 20:06:03.896+0000 INFO [o.n.i.d.DiagnosticsManager] RelationshipGroupStore SF4.0.0
2020-04-21 20:06:03.896+0000 INFO [o.n.i.d.DiagnosticsManager] NeoStore SF4.0.0
2020-04-21 20:06:03.896+0000 INFO [o.n.i.d.DiagnosticsManager] 
2020-04-21 20:06:03.896+0000 INFO [o.n.i.d.DiagnosticsManager] ********************************************************************************
2020-04-21 20:06:03.896+0000 INFO [o.n.i.d.DiagnosticsManager]                               [ Database: neo4j ]                               
2020-04-21 20:06:03.896+0000 INFO [o.n.i.d.DiagnosticsManager] ********************************************************************************
2020-04-21 20:06:03.896+0000 INFO [o.n.i.d.DiagnosticsManager] Database is started.
2020-04-21 20:06:03.896+0000 INFO [o.n.i.d.DiagnosticsManager] --------------------------------------------------------------------------------
2020-04-21 20:06:03.896+0000 INFO [o.n.i.d.DiagnosticsManager]                                   [ Version ]                                   
2020-04-21 20:06:03.896+0000 INFO [o.n.i.d.DiagnosticsManager] --------------------------------------------------------------------------------
2020-04-21 20:06:03.896+0000 INFO [o.n.i.d.DiagnosticsManager] DBMS: community single StoreId{creationTime=1587466444299, randomId=-7783324249718205671, storeVersion=3471765337752883975, upgradeTime=1587466444299, upgradeTxId=1}
2020-04-21 20:06:03.896+0000 INFO [o.n.i.d.DiagnosticsManager] Kernel version: 4.0.3,790a1985259aa8fd36bd5c719c3dc897a22d0472
2020-04-21 20:06:03.896+0000 INFO [o.n.i.d.DiagnosticsManager] 
2020-04-21 20:06:03.896+0000 INFO [o.n.i.d.DiagnosticsManager] --------------------------------------------------------------------------------
2020-04-21 20:06:03.896+0000 INFO [o.n.i.d.DiagnosticsManager]                                 [ Store files ]                                 
2020-04-21 20:06:03.896+0000 INFO [o.n.i.d.DiagnosticsManager] --------------------------------------------------------------------------------
2020-04-21 20:06:03.896+0000 INFO [o.n.i.d.DiagnosticsManager] Disk space on partition (Total / Free / Free %): 0 / 0 / 0
2020-04-21 20:06:03.896+0000 INFO [o.n.i.d.DiagnosticsManager] Storage files stored on file store: Unknown file store type: /Users/robgouldie/Desktop/CS334/Deploy3/neo4j-community-4.0.3/data/databases/neo4j
2020-04-21 20:06:03.896+0000 INFO [o.n.i.d.DiagnosticsManager] Storage files: (filename : modification date - size)
2020-04-21 20:06:03.896+0000 INFO [o.n.i.d.DiagnosticsManager] Storage summary: 
2020-04-21 20:06:03.896+0000 INFO [o.n.i.d.DiagnosticsManager]   Total size of store: 0B
2020-04-21 20:06:03.897+0000 INFO [o.n.i.d.DiagnosticsManager]   Total size of mapped files: 0B
2020-04-21 20:06:03.897+0000 INFO [o.n.i.d.DiagnosticsManager] 
2020-04-21 20:06:03.897+0000 INFO [o.n.i.d.DiagnosticsManager] --------------------------------------------------------------------------------
2020-04-21 20:06:03.897+0000 INFO [o.n.i.d.DiagnosticsManager]                               [ Transaction log ]                               
2020-04-21 20:06:03.897+0000 INFO [o.n.i.d.DiagnosticsManager] --------------------------------------------------------------------------------
2020-04-21 20:06:03.897+0000 INFO [o.n.i.d.DiagnosticsManager] Transaction log files stored on file store: Unknown file store type: /Users/robgouldie/Desktop/CS334/Deploy3/neo4j-community-4.0.3/data/transactions/neo4j
2020-04-21 20:06:03.897+0000 INFO [o.n.i.d.DiagnosticsManager] No transactions found in any log
2020-04-21 20:06:03.897+0000 INFO [o.n.i.d.DiagnosticsManager] 
2020-04-21 20:06:03.897+0000 INFO [o.n.i.d.DiagnosticsManager] --------------------------------------------------------------------------------
2020-04-21 20:06:03.897+0000 INFO [o.n.i.d.DiagnosticsManager]                                   [ Id usage ]                                  
2020-04-21 20:06:03.897+0000 INFO [o.n.i.d.DiagnosticsManager] --------------------------------------------------------------------------------
2020-04-21 20:06:03.897+0000 INFO [o.n.i.d.DiagnosticsManager] ArrayPropertyStore: used=1 high=0
2020-04-21 20:06:03.897+0000 INFO [o.n.i.d.DiagnosticsManager] NodeStore: used=1088 high=1087
2020-04-21 20:06:03.897+0000 INFO [o.n.i.d.DiagnosticsManager] StringPropertyStore: used=18 high=17
2020-04-21 20:06:03.897+0000 INFO [o.n.i.d.DiagnosticsManager] PropertyIndexStore: used=17 high=16
2020-04-21 20:06:03.897+0000 INFO [o.n.i.d.DiagnosticsManager] StringPropertyStore: used=31703 high=31702
2020-04-21 20:06:03.897+0000 INFO [o.n.i.d.DiagnosticsManager] ArrayPropertyStore: used=4 high=3
2020-04-21 20:06:03.897+0000 INFO [o.n.i.d.DiagnosticsManager] PropertyStore: used=3338 high=3337
2020-04-21 20:06:03.897+0000 INFO [o.n.i.d.DiagnosticsManager] RelationshipStore: used=2685 high=2684
2020-04-21 20:06:03.897+0000 INFO [o.n.i.d.DiagnosticsManager] StringPropertyStore: used=6 high=5
2020-04-21 20:06:03.897+0000 INFO [o.n.i.d.DiagnosticsManager] RelationshipTypeStore: used=5 high=4
2020-04-21 20:06:03.897+0000 INFO [o.n.i.d.DiagnosticsManager] StringPropertyStore: used=7 high=6
2020-04-21 20:06:03.897+0000 INFO [o.n.i.d.DiagnosticsManager] LabelTokenStore: used=6 high=5
2020-04-21 20:06:03.897+0000 INFO [o.n.i.d.DiagnosticsManager] SchemaStore: used=1 high=0
2020-04-21 20:06:03.897+0000 INFO [o.n.i.d.DiagnosticsManager] RelationshipGroupStore: used=12 high=11
2020-04-21 20:06:03.897+0000 INFO [o.n.i.d.DiagnosticsManager] NeoStore: used=15 high=14
2020-04-21 20:06:03.897+0000 INFO [o.n.i.d.DiagnosticsManager] 
2020-04-21 20:06:03.897+0000 INFO [o.n.i.d.DiagnosticsManager] --------------------------------------------------------------------------------
2020-04-21 20:06:03.897+0000 INFO [o.n.i.d.DiagnosticsManager]                               [ Neostore records ]                              
2020-04-21 20:06:03.897+0000 INFO [o.n.i.d.DiagnosticsManager] --------------------------------------------------------------------------------
2020-04-21 20:06:03.897+0000 INFO [o.n.i.d.DiagnosticsManager] TIME (Creation time): 1587466444299
2020-04-21 20:06:03.897+0000 INFO [o.n.i.d.DiagnosticsManager] RANDOM_NUMBER (Random number for store id): -7783324249718205671
2020-04-21 20:06:03.897+0000 INFO [o.n.i.d.DiagnosticsManager] LOG_VERSION (Current log version): 0
2020-04-21 20:06:03.897+0000 INFO [o.n.i.d.DiagnosticsManager] LAST_TRANSACTION_ID (Last committed transaction): 3803
2020-04-21 20:06:03.897+0000 INFO [o.n.i.d.DiagnosticsManager] STORE_VERSION (Store format version): 3471765337752883975
2020-04-21 20:06:03.897+0000 INFO [o.n.i.d.DiagnosticsManager] FIRST_GRAPH_PROPERTY (First property record containing graph properties): -1
2020-04-21 20:06:03.897+0000 INFO [o.n.i.d.DiagnosticsManager] LAST_CONSTRAINT_TRANSACTION (Last committed transaction containing constraint changes): 0
2020-04-21 20:06:03.897+0000 INFO [o.n.i.d.DiagnosticsManager] UPGRADE_TRANSACTION_ID (Transaction id most recent upgrade was performed at): 1
2020-04-21 20:06:03.897+0000 INFO [o.n.i.d.DiagnosticsManager] UPGRADE_TIME (Time of last upgrade): 1587466444299
2020-04-21 20:06:03.897+0000 INFO [o.n.i.d.DiagnosticsManager] LAST_TRANSACTION_CHECKSUM (Checksum of last committed transaction): -1376425033
2020-04-21 20:06:03.897+0000 INFO [o.n.i.d.DiagnosticsManager] UPGRADE_TRANSACTION_CHECKSUM (Checksum of transaction id the most recent upgrade was performed at): -559063315
2020-04-21 20:06:03.897+0000 INFO [o.n.i.d.DiagnosticsManager] LAST_CLOSED_TRANSACTION_LOG_VERSION (Log version where the last transaction commit entry has been written into): 0
2020-04-21 20:06:03.897+0000 INFO [o.n.i.d.DiagnosticsManager] LAST_CLOSED_TRANSACTION_LOG_BYTE_OFFSET (Byte offset in the log file where the last transaction commit entry has been written into): 6808543
2020-04-21 20:06:03.897+0000 INFO [o.n.i.d.DiagnosticsManager] LAST_TRANSACTION_COMMIT_TIMESTAMP (Commit time timestamp for last committed transaction): 1587470302863
2020-04-21 20:06:03.897+0000 INFO [o.n.i.d.DiagnosticsManager] UPGRADE_TRANSACTION_COMMIT_TIMESTAMP (Commit timestamp of transaction the most recent upgrade was performed at): 0
2020-04-21 20:06:03.897+0000 INFO [o.n.i.d.DiagnosticsManager] LAST_MISSING_STORE_FILES_RECOVERY_TIMESTAMP (Timestamp of last attempt to perform a recovery on the store with missing files.): -1
2020-04-21 20:06:03.897+0000 INFO [o.n.i.d.DiagnosticsManager] 
2020-04-21 20:06:03.897+0000 INFO [o.n.i.d.DiagnosticsManager] --------------------------------------------------------------------------------
2020-04-21 20:06:03.897+0000 INFO [o.n.i.d.DiagnosticsManager]                                [ Store versions ]                               
2020-04-21 20:06:03.897+0000 INFO [o.n.i.d.DiagnosticsManager] --------------------------------------------------------------------------------
2020-04-21 20:06:03.897+0000 INFO [o.n.i.d.DiagnosticsManager] ArrayPropertyStore SF4.0.0
2020-04-21 20:06:03.897+0000 INFO [o.n.i.d.DiagnosticsManager] NodeStore SF4.0.0
2020-04-21 20:06:03.897+0000 INFO [o.n.i.d.DiagnosticsManager] StringPropertyStore SF4.0.0
2020-04-21 20:06:03.897+0000 INFO [o.n.i.d.DiagnosticsManager] PropertyIndexStore SF4.0.0
2020-04-21 20:06:03.897+0000 INFO [o.n.i.d.DiagnosticsManager] StringPropertyStore SF4.0.0
2020-04-21 20:06:03.897+0000 INFO [o.n.i.d.DiagnosticsManager] ArrayPropertyStore SF4.0.0
2020-04-21 20:06:03.897+0000 INFO [o.n.i.d.DiagnosticsManager] PropertyStore SF4.0.0
2020-04-21 20:06:03.897+0000 INFO [o.n.i.d.DiagnosticsManager] RelationshipStore SF4.0.0
2020-04-21 20:06:03.897+0000 INFO [o.n.i.d.DiagnosticsManager] StringPropertyStore SF4.0.0
2020-04-21 20:06:03.897+0000 INFO [o.n.i.d.DiagnosticsManager] RelationshipTypeStore SF4.0.0
2020-04-21 20:06:03.897+0000 INFO [o.n.i.d.DiagnosticsManager] StringPropertyStore SF4.0.0
2020-04-21 20:06:03.897+0000 INFO [o.n.i.d.DiagnosticsManager] LabelTokenStore SF4.0.0
2020-04-21 20:06:03.897+0000 INFO [o.n.i.d.DiagnosticsManager] SchemaStore SF4.0.0
2020-04-21 20:06:03.897+0000 INFO [o.n.i.d.DiagnosticsManager] RelationshipGroupStore SF4.0.0
2020-04-21 20:06:03.897+0000 INFO [o.n.i.d.DiagnosticsManager] NeoStore SF4.0.0
2020-04-21 20:06:03.897+0000 INFO [o.n.i.d.DiagnosticsManager] 
2020-04-21 20:06:03.897+0000 INFO [o.n.l.i.StoreLogService] Rotated internal log file
2020-04-21 20:06:04.005+0000 WARN [o.n.k.i.c.VmPauseMonitorComponent] Detected VM stop-the-world pause: {pauseTime=5410, gcTime=0, gcCount=0}
2020-04-21 20:40:17.896+0000 WARN [o.n.k.i.c.VmPauseMonitorComponent] Detected VM stop-the-world pause: {pauseTime=1876, gcTime=0, gcCount=0}
2020-04-21 21:19:08.927+0000 WARN [o.n.k.i.c.VmPauseMonitorComponent] Detected VM stop-the-world pause: {pauseTime=1873, gcTime=0, gcCount=0}
2020-04-21 23:05:47.041+0000 WARN [o.n.k.i.c.VmPauseMonitorComponent] Detected VM stop-the-world pause: {pauseTime=1944, gcTime=0, gcCount=0}
2020-04-22 00:18:41.871+0000 WARN [o.n.k.i.c.VmPauseMonitorComponent] Detected VM stop-the-world pause: {pauseTime=1927, gcTime=0, gcCount=0}
2020-04-22 01:20:40.132+0000 WARN [o.n.k.i.c.VmPauseMonitorComponent] Detected VM stop-the-world pause: {pauseTime=1910, gcTime=0, gcCount=0}
2020-04-22 01:20:40.595+0000 WARN [o.n.k.i.c.VmPauseMonitorComponent] Detected VM stop-the-world pause: {pauseTime=364, gcTime=0, gcCount=0}
2020-04-22 02:19:02.832+0000 WARN [o.n.k.i.c.VmPauseMonitorComponent] Detected VM stop-the-world pause: {pauseTime=1917, gcTime=0, gcCount=0}
2020-04-22 03:38:22.865+0000 WARN [o.n.k.i.c.VmPauseMonitorComponent] Detected VM stop-the-world pause: {pauseTime=1942, gcTime=0, gcCount=0}
2020-04-22 04:56:29.866+0000 WARN [o.n.k.i.c.VmPauseMonitorComponent] Detected VM stop-the-world pause: {pauseTime=1835, gcTime=0, gcCount=0}
2020-04-22 04:56:29.966+0000 WARN [o.n.k.i.c.VmPauseMonitorComponent] Detected VM stop-the-world pause: {pauseTime=362, gcTime=0, gcCount=0}
2020-04-22 06:57:22.868+0000 WARN [o.n.k.i.c.VmPauseMonitorComponent] Detected VM stop-the-world pause: {pauseTime=1910, gcTime=0, gcCount=0}
2020-04-22 08:14:28.273+0000 WARN [o.n.k.i.c.VmPauseMonitorComponent] Detected VM stop-the-world pause: {pauseTime=1939, gcTime=0, gcCount=0}
2020-04-22 09:51:53.695+0000 WARN [o.n.k.i.c.VmPauseMonitorComponent] Detected VM stop-the-world pause: {pauseTime=1860, gcTime=0, gcCount=0}
2020-04-22 09:51:53.799+0000 WARN [o.n.k.i.c.VmPauseMonitorComponent] Detected VM stop-the-world pause: {pauseTime=367, gcTime=0, gcCount=0}
2020-04-22 11:28:35.256+0000 WARN [o.n.k.i.c.VmPauseMonitorComponent] Detected VM stop-the-world pause: {pauseTime=1848, gcTime=0, gcCount=0}
2020-04-22 11:28:35.356+0000 WARN [o.n.k.i.c.VmPauseMonitorComponent] Detected VM stop-the-world pause: {pauseTime=364, gcTime=0, gcCount=0}
2020-04-22 11:59:48.918+0000 WARN [o.n.k.i.c.VmPauseMonitorComponent] Detected VM stop-the-world pause: {pauseTime=1947, gcTime=0, gcCount=0}
2020-04-22 12:12:37.867+0000 WARN [o.n.k.i.c.VmPauseMonitorComponent] Detected VM stop-the-world pause: {pauseTime=1895, gcTime=0, gcCount=0}
2020-04-22 19:47:34.696+0000 WARN [o.n.k.i.c.VmPauseMonitorComponent] Detected VM stop-the-world pause: {pauseTime=1929, gcTime=0, gcCount=0}
2020-04-22 19:47:35.150+0000 WARN [o.n.k.i.c.VmPauseMonitorComponent] Detected VM stop-the-world pause: {pauseTime=373, gcTime=0, gcCount=0}
2020-04-22 20:21:16.761+0000 WARN [o.n.k.i.c.VmPauseMonitorComponent] Detected VM stop-the-world pause: {pauseTime=1965, gcTime=0, gcCount=0}
2020-04-22 22:24:33.770+0000 WARN [o.n.k.i.c.VmPauseMonitorComponent] Detected VM stop-the-world pause: {pauseTime=1911, gcTime=0, gcCount=0}
2020-04-22 23:49:25.810+0000 WARN [o.n.k.i.c.VmPauseMonitorComponent] Detected VM stop-the-world pause: {pauseTime=1945, gcTime=0, gcCount=0}
2020-04-23 00:58:46.866+0000 WARN [o.n.k.i.c.VmPauseMonitorComponent] Detected VM stop-the-world pause: {pauseTime=1865, gcTime=0, gcCount=0}
2020-04-23 01:58:06.079+0000 WARN [o.n.k.i.c.VmPauseMonitorComponent] Detected VM stop-the-world pause: {pauseTime=1935, gcTime=0, gcCount=0}
2020-04-23 06:57:03.278+0000 WARN [o.n.k.i.c.VmPauseMonitorComponent] Detected VM stop-the-world pause: {pauseTime=1894, gcTime=0, gcCount=0}
2020-04-23 07:07:13.796+0000 WARN [o.n.k.i.c.VmPauseMonitorComponent] Detected VM stop-the-world pause: {pauseTime=1849, gcTime=0, gcCount=0}
2020-04-23 09:10:44.323+0000 WARN [o.n.k.i.c.VmPauseMonitorComponent] Detected VM stop-the-world pause: {pauseTime=1937, gcTime=0, gcCount=0}
2020-04-23 09:11:54.576+0000 WARN [o.n.k.i.c.VmPauseMonitorComponent] Detected VM stop-the-world pause: {pauseTime=1932, gcTime=0, gcCount=0}
2020-04-23 09:23:18.000+0000 WARN [o.n.k.i.c.VmPauseMonitorComponent] Detected VM stop-the-world pause: {pauseTime=1918, gcTime=0, gcCount=0}
2020-04-23 10:57:16.093+0000 WARN [o.n.k.i.c.VmPauseMonitorComponent] Detected VM stop-the-world pause: {pauseTime=1923, gcTime=0, gcCount=0}
2020-04-23 11:24:55.828+0000 WARN [o.n.k.i.c.VmPauseMonitorComponent] Detected VM stop-the-world pause: {pauseTime=1907, gcTime=0, gcCount=0}
2020-04-23 11:24:56.258+0000 WARN [o.n.k.i.c.VmPauseMonitorComponent] Detected VM stop-the-world pause: {pauseTime=354, gcTime=0, gcCount=0}
2020-04-23 12:24:51.538+0000 WARN [o.n.k.i.c.VmPauseMonitorComponent] Detected VM stop-the-world pause: {pauseTime=1858, gcTime=0, gcCount=0}
2020-04-23 12:24:51.990+0000 WARN [o.n.k.i.c.VmPauseMonitorComponent] Detected VM stop-the-world pause: {pauseTime=352, gcTime=0, gcCount=0}
2020-04-23 12:31:13.002+0000 WARN [o.n.k.i.c.VmPauseMonitorComponent] Detected VM stop-the-world pause: {pauseTime=1946, gcTime=0, gcCount=0}
2020-04-23 13:25:52.974+0000 WARN [o.n.k.i.c.VmPauseMonitorComponent] Detected VM stop-the-world pause: {pauseTime=1934, gcTime=0, gcCount=0}
2020-04-23 13:25:53.082+0000 WARN [o.n.k.i.c.VmPauseMonitorComponent] Detected VM stop-the-world pause: {pauseTime=362, gcTime=0, gcCount=0}
2020-04-23 15:52:00.608+0000 WARN [o.n.k.i.c.VmPauseMonitorComponent] Detected VM stop-the-world pause: {pauseTime=1945, gcTime=0, gcCount=0}
2020-04-23 15:52:00.723+0000 WARN [o.n.k.i.c.VmPauseMonitorComponent] Detected VM stop-the-world pause: {pauseTime=369, gcTime=0, gcCount=0}
2020-04-23 15:58:04.141+0000 WARN [o.n.k.i.c.VmPauseMonitorComponent] Detected VM stop-the-world pause: {pauseTime=1941, gcTime=0, gcCount=0}
2020-04-23 15:58:04.242+0000 WARN [o.n.k.i.c.VmPauseMonitorComponent] Detected VM stop-the-world pause: {pauseTime=357, gcTime=0, gcCount=0}
2020-04-23 15:59:23.938+0000 WARN [o.n.k.i.c.VmPauseMonitorComponent] Detected VM stop-the-world pause: {pauseTime=1958, gcTime=0, gcCount=0}
2020-04-23 19:50:20.134+0000 INFO [o.n.g.f.DatabaseManagementServiceFactory] Shutdown started
2020-04-23 19:50:20.143+0000 INFO [o.n.d.d.DefaultDatabaseManager] Stop 'neo4j' database.
2020-04-23 19:50:20.144+0000 INFO [o.n.k.a.DatabaseAvailabilityGuard] [neo4j] Requirement `Database unavailable` makes database neo4j unavailable.
2020-04-23 19:50:20.145+0000 INFO [o.n.k.a.DatabaseAvailabilityGuard] [neo4j] Database neo4j is unavailable.
2020-04-23 19:50:20.150+0000 INFO [o.n.k.i.t.l.c.CheckPointerImpl] [neo4j] Checkpoint triggered by "Database shutdown" @ txId: 3803 checkpoint started...
2020-04-23 19:50:20.314+0000 INFO [o.n.k.i.t.l.c.CheckPointerImpl] [neo4j] Checkpoint triggered by "Database shutdown" @ txId: 3803 checkpoint completed in 163ms
2020-04-23 19:50:20.315+0000 INFO [o.n.k.i.t.l.p.LogPruningImpl] [neo4j] No log version pruned. The strategy used was '1 days'. Last checkpoint was made in log version 0.
2020-04-23 19:50:20.468+0000 INFO [o.n.d.d.DefaultDatabaseManager] Stop 'system' database.
2020-04-23 19:50:20.469+0000 INFO [o.n.k.a.DatabaseAvailabilityGuard] [system] Requirement `Database unavailable` makes database system unavailable.
2020-04-23 19:50:20.469+0000 INFO [o.n.k.a.DatabaseAvailabilityGuard] [system] Database system is unavailable.
2020-04-23 19:50:20.470+0000 INFO [o.n.k.i.t.l.c.CheckPointerImpl] [system] Checkpoint triggered by "Database shutdown" @ txId: 21 checkpoint started...
2020-04-23 19:50:20.643+0000 INFO [o.n.k.i.t.l.c.CheckPointerImpl] [system] Checkpoint triggered by "Database shutdown" @ txId: 21 checkpoint completed in 172ms
2020-04-23 19:50:20.643+0000 INFO [o.n.k.i.t.l.p.LogPruningImpl] [system] No log version pruned. The strategy used was '1 days'. Last checkpoint was made in log version 0.
